
## 2018.06.13 @ 09:33:26 (GMT + 07) ## Bạn chưa truyền MenuUserID cho HyperLink: hiliTourCaption ##


## 2018.06.13 @ 09:33:26 (GMT + 07) ## Bạn chưa truyền MenuUserID cho HyperLink: hiliTourCaption ##


## 2018.07.05 @ 16:51:58 (GMT + 07) ## Bạn chưa truyền MenuUserID cho HyperLink: hiliTourCaption ##


## 2018.07.05 @ 16:51:59 (GMT + 07) ## Bạn chưa truyền MenuUserID cho HyperLink: hiliTourCaption ##


## 2018.07.05 @ 16:52:14 (GMT + 07) ## Bạn chưa truyền MenuUserID cho HyperLink: CaptionRef ##


## 2018.07.05 @ 16:52:25 (GMT + 07) ## Bạn chưa truyền MenuUserID cho HyperLink: CaptionTourInfor ##


## 2018.07.05 @ 16:52:25 (GMT + 07) ## Bạn chưa truyền MenuUserID cho HyperLink: CaptionLienHe ##


## 2018.07.05 @ 16:52:25 (GMT + 07) ## Bạn chưa truyền MenuUserID cho HyperLink: captionHttt ##


## 2018.07.05 @ 16:52:51 (GMT + 07) ## Bạn chưa truyền MenuUserID cho HyperLink: CaptionTourInfor ##


## 2018.07.05 @ 16:52:51 (GMT + 07) ## Bạn chưa truyền MenuUserID cho HyperLink: CaptionLienHe ##


## 2018.07.05 @ 16:52:51 (GMT + 07) ## Bạn chưa truyền MenuUserID cho HyperLink: captionHttt ##


## 2018.07.05 @ 16:55:53 (GMT + 07) ## Bạn chưa truyền MenuUserID cho HyperLink: CaptionTourInfor ##


## 2018.07.05 @ 16:55:53 (GMT + 07) ## Bạn chưa truyền MenuUserID cho HyperLink: CaptionLienHe ##


## 2018.07.05 @ 16:55:53 (GMT + 07) ## Bạn chưa truyền MenuUserID cho HyperLink: captionHttt ##


## 2018.07.05 @ 16:57:15 (GMT + 07) ## Bạn chưa truyền MenuUserID cho HyperLink: CaptionTourInfor ##


## 2018.07.05 @ 16:57:15 (GMT + 07) ## Bạn chưa truyền MenuUserID cho HyperLink: CaptionLienHe ##


## 2018.07.05 @ 16:57:15 (GMT + 07) ## Bạn chưa truyền MenuUserID cho HyperLink: captionHttt ##


## 2018.07.05 @ 16:59:33 (GMT + 07) ## Bạn chưa truyền MenuUserID cho HyperLink: CaptionTourInfor ##


## 2018.07.05 @ 16:59:33 (GMT + 07) ## Bạn chưa truyền MenuUserID cho HyperLink: CaptionLienHe ##


## 2018.07.05 @ 16:59:33 (GMT + 07) ## Bạn chưa truyền MenuUserID cho HyperLink: captionHttt ##

